02/04/2020, 22:55:33, 4, 0, C:\Users\insan.m.s\Downloads\Daeler Motor\kwitansi beli cash.rpt:Cannot open database.
02/04/2020, 22:55:33, 4, 0, C:\Users\insan.m.s\Downloads\Daeler Motor\kwitansi beli cash.rpt:File not found
02/04/2020, 22:56:41, 4, 0, C:\Users\insan.m.s\Downloads\Daeler Motor\kwitansi beli cash.rpt:Cannot open database.
02/04/2020, 22:56:41, 4, 0, C:\Users\insan.m.s\Downloads\Daeler Motor\kwitansi beli cash.rpt:File not found
02/04/2020, 22:57:34, 4, 0, C:\Users\insan.m.s\Downloads\Daeler Motor\kwitansi beli cash.rpt:Cannot open database.
02/04/2020, 22:57:34, 4, 0, C:\Users\insan.m.s\Downloads\Daeler Motor\kwitansi beli cash.rpt:File not found
02/04/2020, 22:59:01, 4, 0, C:\Users\insan.m.s\Downloads\Daeler Motor\kwitansi beli cash.rpt:Cannot open database.
02/04/2020, 22:59:01, 4, 0, C:\Users\insan.m.s\Downloads\Daeler Motor\kwitansi beli cash.rpt:File not found
02/04/2020, 23:00:26, 4, 0, C:\Users\insan.m.s\Downloads\Daeler Motor\kwitansi beli cash.rpt:Cannot open database.
02/04/2020, 23:00:26, 4, 0, C:\Users\insan.m.s\Downloads\Daeler Motor\kwitansi beli cash.rpt:File not found
02/04/2020, 23:01:02, 4, 0, C:\Users\insan.m.s\Downloads\Daeler Motor\kwitansi beli cash.rpt:Cannot open database.
02/04/2020, 23:01:02, 4, 0, C:\Users\insan.m.s\Downloads\Daeler Motor\kwitansi beli cash.rpt:File not found
02/04/2020, 23:01:07, 4, 0, C:\Users\insan.m.s\Downloads\Daeler Motor\kwitansi beli cash.rpt:Cannot open database.
02/04/2020, 23:01:07, 4, 0, C:\Users\insan.m.s\Downloads\Daeler Motor\kwitansi beli cash.rpt:File not found
02/04/2020, 23:02:29, 4, 0, C:\Users\insan.m.s\Downloads\Daeler Motor\kwitansi beli cash.rpt:Cannot open database.
02/04/2020, 23:02:29, 4, 0, C:\Users\insan.m.s\Downloads\Daeler Motor\kwitansi beli cash.rpt:File not found
02/04/2020, 23:02:44, 4, 0, C:\Users\insan.m.s\Downloads\Daeler Motor\kwitansi beli cash.rpt:Cannot open database.
02/04/2020, 23:02:44, 4, 0, C:\Users\insan.m.s\Downloads\Daeler Motor\kwitansi beli cash.rpt:File not found
02/04/2020, 23:04:32, 4, 0, C:\Users\insan.m.s\Downloads\Daeler Motor\kwitansi beli cash.rpt:Cannot open database.
02/04/2020, 23:04:32, 4, 0, C:\Users\insan.m.s\Downloads\Daeler Motor\kwitansi beli cash.rpt:File not found
02/04/2020, 23:25:47, 4, 0, C:\Users\insan.m.s\Downloads\Daeler Motor\lap beli cash harian.rpt:Cannot open database.
02/04/2020, 23:25:47, 4, 0, C:\Users\insan.m.s\Downloads\Daeler Motor\lap beli cash harian.rpt:File not found
02/04/2020, 23:35:29, 4, 0, C:\Users\insan.m.s\Downloads\Daeler Motor\lap beli cash harian.rpt:Cannot open database.
02/04/2020, 23:35:29, 4, 0, C:\Users\insan.m.s\Downloads\Daeler Motor\lap beli cash harian.rpt:File not found
02/04/2020, 23:39:39, 4, 0, C:\Users\insan.m.s\Downloads\Daeler Motor\lap bayar cicilan harian.rpt:Cannot open database.
02/04/2020, 23:39:39, 4, 0, C:\Users\insan.m.s\Downloads\Daeler Motor\lap bayar cicilan harian.rpt:File not found
02/04/2020, 23:45:10, 4, 0, C:\Users\insan.m.s\Downloads\Daeler Motor\lap bayar cicilan harian.rpt:Cannot open database.
02/04/2020, 23:45:10, 4, 0, C:\Users\insan.m.s\Downloads\Daeler Motor\lap bayar cicilan harian.rpt:File not found
